<?xml version="1.0" encoding="UTF-8"?>
<robot generator="Robot 6.0.1 (Python 3.9.7 on win32)" generated="20221221 11:55:04.089" rpa="false" schemaversion="3">
<suite id="s1" name="Form" source="G:\7th Semester\Software Testing\FormAutomation\form.robot">
<test id="s1-t1" name="Filling the form section one" line="9">
<kw name="Open Browser" library="Selenium2Library">
<arg>https://www.play1.automationcamp.ir/forms.html</arg>
<arg>${Browser}</arg>
<doc>Opens a new browser instance to the optional ``url``.</doc>
<msg timestamp="20221221 11:55:04.450" level="INFO">Opening browser 'Chrome' to base url 'https://www.play1.automationcamp.ir/forms.html'.</msg>
<status status="PASS" starttime="20221221 11:55:04.449" endtime="20221221 11:55:11.111"/>
</kw>
<kw name="Maximize Browser Window" library="Selenium2Library">
<doc>Maximizes current browser window.</doc>
<status status="PASS" starttime="20221221 11:55:11.112" endtime="20221221 11:55:11.241"/>
</kw>
<kw name="Wait Until Page Contains" library="Selenium2Library">
<arg>Basic Form Controls</arg>
<doc>Waits until ``text`` appears on the current page.</doc>
<status status="PASS" starttime="20221221 11:55:11.242" endtime="20221221 11:55:11.259"/>
</kw>
<kw name="Select Checkbox" library="Selenium2Library">
<arg>css=#german_validate</arg>
<doc>Selects the checkbox identified by ``locator``.</doc>
<msg timestamp="20221221 11:55:11.260" level="INFO">Selecting checkbox 'css=#german_validate'.</msg>
<msg timestamp="20221221 11:55:11.426" level="INFO" html="true">&lt;/td&gt;&lt;/tr&gt;&lt;tr&gt;&lt;td colspan="3"&gt;&lt;a href="selenium-screenshot-22.png"&gt;&lt;img src="selenium-screenshot-22.png" width="800px"&gt;&lt;/a&gt;</msg>
<msg timestamp="20221221 11:55:11.426" level="FAIL">Checkbox with locator 'css=#german_validate' not found.</msg>
<status status="FAIL" starttime="20221221 11:55:11.260" endtime="20221221 11:55:11.429"/>
</kw>
<kw name="Sleep" library="BuiltIn">
<arg>3s</arg>
<doc>Pauses the test executed for the given time.</doc>
<status status="NOT RUN" starttime="20221221 11:55:11.429" endtime="20221221 11:55:11.429"/>
</kw>
<kw name="Close Browser" library="Selenium2Library">
<doc>Closes the current browser.</doc>
<status status="NOT RUN" starttime="20221221 11:55:11.430" endtime="20221221 11:55:11.430"/>
</kw>
<status status="FAIL" starttime="20221221 11:55:04.448" endtime="20221221 11:55:11.431">Checkbox with locator 'css=#german_validate' not found.</status>
</test>
<status status="FAIL" starttime="20221221 11:55:04.091" endtime="20221221 11:55:11.433"/>
</suite>
<statistics>
<total>
<stat pass="0" fail="1" skip="0">All Tests</stat>
</total>
<tag>
</tag>
<suite>
<stat pass="0" fail="1" skip="0" id="s1" name="Form">Form</stat>
</suite>
</statistics>
<errors>
</errors>
</robot>
