<?xml version="1.0" encoding="UTF-8"?>
<robot generator="Robot 6.0.1 (Python 3.9.7 on win32)" generated="20230204 22:35:15.558" rpa="false" schemaversion="3">
<suite id="s1" name="Form" source="C:\Users\Dell\Testing\Testing\form.robot">
<test id="s1-t1" name="Filling the form section one" line="10">
<kw name="Open Browser" library="Selenium2Library">
<arg>https://www.play1.automationcamp.ir/forms.html</arg>
<arg>${Browser}</arg>
<doc>Opens a new browser instance to the optional ``url``.</doc>
<msg timestamp="20230204 22:35:15.927" level="INFO">Opening browser 'Chrome' to base url 'https://www.play1.automationcamp.ir/forms.html'.</msg>
<status status="PASS" starttime="20230204 22:35:15.926" endtime="20230204 22:35:25.135"/>
</kw>
<kw name="Maximize Browser Window" library="Selenium2Library">
<doc>Maximizes current browser window.</doc>
<status status="PASS" starttime="20230204 22:35:25.135" endtime="20230204 22:35:25.268"/>
</kw>
<kw name="Wait Until Page Contains" library="Selenium2Library">
<arg>Basic Form Controls</arg>
<doc>Waits until ``text`` appears on the current page.</doc>
<status status="PASS" starttime="20230204 22:35:25.270" endtime="20230204 22:35:25.286"/>
</kw>
<kw name="Input Text" library="Selenium2Library">
<arg>css=#exp</arg>
<arg>Newbie</arg>
<doc>Types the given ``text`` into the text field identified by ``locator``.</doc>
<msg timestamp="20230204 22:35:25.287" level="INFO">Typing text 'Newbie' into text field 'css=#exp'.</msg>
<status status="PASS" starttime="20230204 22:35:25.287" endtime="20230204 22:35:25.414"/>
</kw>
<kw name="Sleep" library="BuiltIn">
<arg>2s</arg>
<doc>Pauses the test executed for the given time.</doc>
<msg timestamp="20230204 22:35:27.429" level="INFO">Slept 2 seconds</msg>
<status status="PASS" starttime="20230204 22:35:25.415" endtime="20230204 22:35:27.429"/>
</kw>
<kw name="Click Element" library="Selenium2Library">
<arg>xpath=/html/body/div/div[1]/div[2]/form/div[4]/div[1]/div/label</arg>
<doc>Click the element identified by ``locator``.</doc>
<msg timestamp="20230204 22:35:27.430" level="INFO">Clicking element 'xpath=/html/body/div/div[1]/div[2]/form/div[4]/div[1]/div/label'.</msg>
<status status="PASS" starttime="20230204 22:35:27.430" endtime="20230204 22:35:27.503"/>
</kw>
<kw name="Sleep" library="BuiltIn">
<arg>3s</arg>
<doc>Pauses the test executed for the given time.</doc>
<msg timestamp="20230204 22:35:30.513" level="INFO">Slept 3 seconds</msg>
<status status="PASS" starttime="20230204 22:35:27.506" endtime="20230204 22:35:30.513"/>
</kw>
<kw name="Scroll Element Into View" library="Selenium2Library">
<arg>xpath=/html/body/div/div[1]/div[2]/form/div[4]/div[1]/div/label</arg>
<doc>Scrolls the element identified by ``locator`` into view.</doc>
<status status="PASS" starttime="20230204 22:35:30.514" endtime="20230204 22:35:30.800"/>
</kw>
<kw name="Choose File" library="Selenium2Library">
<arg>css=#file</arg>
<arg>C:\Users\Dell\Desktop\bag.jpg</arg>
<doc>Inputs the ``file_path`` into the file input field ``locator``.</doc>
<msg timestamp="20230204 22:35:30.802" level="INFO">Sending C:\Users\Dell\Testing\Testing\UsersDellDesktopbag.jpg to browser.</msg>
<msg timestamp="20230204 22:35:30.979" level="INFO" html="true">&lt;/td&gt;&lt;/tr&gt;&lt;tr&gt;&lt;td colspan="3"&gt;&lt;a href="selenium-screenshot-34.png"&gt;&lt;img src="selenium-screenshot-34.png" width="800px"&gt;&lt;/a&gt;</msg>
<msg timestamp="20230204 22:35:30.979" level="FAIL">Element with locator 'css=#file' not found.</msg>
<status status="FAIL" starttime="20230204 22:35:30.801" endtime="20230204 22:35:30.982"/>
</kw>
<kw name="Close Browser" library="Selenium2Library">
<doc>Closes the current browser.</doc>
<status status="NOT RUN" starttime="20230204 22:35:30.983" endtime="20230204 22:35:30.983"/>
</kw>
<status status="FAIL" starttime="20230204 22:35:15.925" endtime="20230204 22:35:30.983">Element with locator 'css=#file' not found.</status>
</test>
<status status="FAIL" starttime="20230204 22:35:15.560" endtime="20230204 22:35:30.985"/>
</suite>
<statistics>
<total>
<stat pass="0" fail="1" skip="0">All Tests</stat>
</total>
<tag>
</tag>
<suite>
<stat pass="0" fail="1" skip="0" id="s1" name="Form">Form</stat>
</suite>
</statistics>
<errors>
</errors>
</robot>
